# JRE version: OpenJDK Runtime Environment (8.0_212-b04) (build 1.8.0_212-release-1586-b04)
# Java VM: OpenJDK 64-Bit Server VM (25.212-b04 mixed mode windows-amd64 compressed oops)
Heap:
 PSYoungGen      total 409600K, used 335558K [0x00000000e0000000, 0x00000000ff100000, 0x0000000100000000)
  eden space 376832K, 86% used [0x00000000e0000000,0x00000000f3d11af0,0x00000000f7000000)
  from space 32768K, 33% used [0x00000000f7000000,0x00000000f7aa0010,0x00000000f9000000)
  to   space 31232K, 0% used [0x00000000fd280000,0x00000000fd280000,0x00000000ff100000)
 ParOldGen       total 144384K, used 86602K [0x00000000a0000000, 0x00000000a8d00000, 0x00000000e0000000)
  object space 144384K, 59% used [0x00000000a0000000,0x00000000a5492af8,0x00000000a8d00000)
 Metaspace       used 68956K, capacity 71488K, committed 71640K, reserved 1112064K
  class space    used 9298K, capacity 9857K, committed 9984K, reserved 1048576K
GC Heap History (10 events):
Event: 12.487 GC heap before
{Heap before GC invocations=16 (full 3):
 PSYoungGen      total 257024K, used 239573K [0x00000000e0000000, 0x00000000f1400000, 0x0000000100000000)
  eden space 230912K, 100% used [0x00000000e0000000,0x00000000ee180000,0x00000000ee180000)
  from space 26112K, 33% used [0x00000000efa80000,0x00000000f02f55f0,0x00000000f1400000)
  to   space 25600K, 0% used [0x00000000ee180000,0x00000000ee180000,0x00000000efa80000)
 ParOldGen       total 144384K, used 61097K [0x00000000a0000000, 0x00000000a8d00000, 0x00000000e0000000)
  object space 144384K, 42% used [0x00000000a0000000,0x00000000a3baa450,0x00000000a8d00000)
 Metaspace       used 67590K, capacity 69802K, committed 70104K, reserved 1110016K
  class space    used 9136K, capacity 9648K, committed 9728K, reserved 1048576K
Event: 12.533 GC heap after
Heap after GC invocations=16 (full 3):
 PSYoungGen      total 256512K, used 19832K [0x00000000e0000000, 0x00000000f5280000, 0x0000000100000000)
  eden space 230912K, 0% used [0x00000000e0000000,0x00000000e0000000,0x00000000ee180000)
  from space 25600K, 77% used [0x00000000ee180000,0x00000000ef4de110,0x00000000efa80000)
  to   space 27136K, 0% used [0x00000000f3800000,0x00000000f3800000,0x00000000f5280000)
 ParOldGen       total 144384K, used 61105K [0x00000000a0000000, 0x00000000a8d00000, 0x00000000e0000000)
  object space 144384K, 42% used [0x00000000a0000000,0x00000000a3bac450,0x00000000a8d00000)
 Metaspace       used 67590K, capacity 69802K, committed 70104K, reserved 1110016K
  class space    used 9136K, capacity 9648K, committed 9728K, reserved 1048576K
}
Event: 13.075 GC heap before
{Heap before GC invocations=17 (full 3):
 PSYoungGen      total 256512K, used 250744K [0x00000000e0000000, 0x00000000f5280000, 0x0000000100000000)
  eden space 230912K, 100% used [0x00000000e0000000,0x00000000ee180000,0x00000000ee180000)
  from space 25600K, 77% used [0x00000000ee180000,0x00000000ef4de110,0x00000000efa80000)
  to   space 27136K, 0% used [0x00000000f3800000,0x00000000f3800000,0x00000000f5280000)
 ParOldGen       total 144384K, used 61105K [0x00000000a0000000, 0x00000000a8d00000, 0x00000000e0000000)
  object space 144384K, 42% used [0x00000000a0000000,0x00000000a3bac450,0x00000000a8d00000)
 Metaspace       used 67667K, capacity 69910K, committed 70104K, reserved 1110016K
  class space    used 9138K, capacity 9680K, committed 9728K, reserved 1048576K
Event: 13.111 GC heap after
Heap after GC invocations=17 (full 3):
 PSYoungGen      total 315904K, used 26766K [0x00000000e0000000, 0x00000000f6180000, 0x0000000100000000)
  eden space 288768K, 0% used [0x00000000e0000000,0x00000000e0000000,0x00000000f1a00000)
  from space 27136K, 98% used [0x00000000f3800000,0x00000000f5223818,0x00000000f5280000)
  to   space 30720K, 0% used [0x00000000f1a00000,0x00000000f1a00000,0x00000000f3800000)
 ParOldGen       total 144384K, used 61113K [0x00000000a0000000, 0x00000000a8d00000, 0x00000000e0000000)
  object space 144384K, 42% used [0x00000000a0000000,0x00000000a3bae450,0x00000000a8d00000)
 Metaspace       used 67667K, capacity 69910K, committed 70104K, reserved 1110016K
  class space    used 9138K, capacity 9680K, committed 9728K, reserved 1048576K
}
Event: 14.114 GC heap before
{Heap before GC invocations=18 (full 3):
 PSYoungGen      total 315904K, used 315534K [0x00000000e0000000, 0x00000000f6180000, 0x0000000100000000)
  eden space 288768K, 100% used [0x00000000e0000000,0x00000000f1a00000,0x00000000f1a00000)
  from space 27136K, 98% used [0x00000000f3800000,0x00000000f5223818,0x00000000f5280000)
  to   space 30720K, 0% used [0x00000000f1a00000,0x00000000f1a00000,0x00000000f3800000)
 ParOldGen       total 144384K, used 61113K [0x00000000a0000000, 0x00000000a8d00000, 0x00000000e0000000)
  object space 144384K, 42% used [0x00000000a0000000,0x00000000a3bae450,0x00000000a8d00000)
 Metaspace       used 68885K, capacity 71424K, committed 71640K, reserved 1112064K
  class space    used 9298K, capacity 9857K, committed 9984K, reserved 1048576K
Event: 14.194 GC heap after
Heap after GC invocations=18 (full 3):
 PSYoungGen      total 319488K, used 23782K [0x00000000e0000000, 0x00000000fb780000, 0x0000000100000000)
  eden space 288768K, 0% used [0x00000000e0000000,0x00000000e0000000,0x00000000f1a00000)
  from space 30720K, 77% used [0x00000000f1a00000,0x00000000f3139b88,0x00000000f3800000)
  to   space 32768K, 0% used [0x00000000f9780000,0x00000000f9780000,0x00000000fb780000)
 ParOldGen       total 144384K, used 64478K [0x00000000a0000000, 0x00000000a8d00000, 0x00000000e0000000)
  object space 144384K, 44% used [0x00000000a0000000,0x00000000a3ef7be0,0x00000000a8d00000)
 Metaspace       used 68885K, capacity 71424K, committed 71640K, reserved 1112064K
  class space    used 9298K, capacity 9857K, committed 9984K, reserved 1048576K
}
Event: 15.421 GC heap before
{Heap before GC invocations=19 (full 3):
 PSYoungGen      total 319488K, used 312550K [0x00000000e0000000, 0x00000000fb780000, 0x0000000100000000)
  eden space 288768K, 100% used [0x00000000e0000000,0x00000000f1a00000,0x00000000f1a00000)
  from space 30720K, 77% used [0x00000000f1a00000,0x00000000f3139b88,0x00000000f3800000)
  to   space 32768K, 0% used [0x00000000f9780000,0x00000000f9780000,0x00000000fb780000)
 ParOldGen       total 144384K, used 64478K [0x00000000a0000000, 0x00000000a8d00000, 0x00000000e0000000)
  object space 144384K, 44% used [0x00000000a0000000,0x00000000a3ef7be0,0x00000000a8d00000)
 Metaspace       used 68916K, capacity 71488K, committed 71640K, reserved 1112064K
  class space    used 9298K, capacity 9857K, committed 9984K, reserved 1048576K
Event: 15.443 GC heap after
Heap after GC invocations=19 (full 3):
 PSYoungGen      total 401920K, used 5216K [0x00000000e0000000, 0x00000000fb000000, 0x0000000100000000)
  eden space 376832K, 0% used [0x00000000e0000000,0x00000000e0000000,0x00000000f7000000)
  from space 25088K, 20% used [0x00000000f9780000,0x00000000f9c98010,0x00000000fb000000)
  to   space 32768K, 0% used [0x00000000f7000000,0x00000000f7000000,0x00000000f9000000)
 ParOldGen       total 144384K, used 83586K [0x00000000a0000000, 0x00000000a8d00000, 0x00000000e0000000)
  object space 144384K, 57% used [0x00000000a0000000,0x00000000a51a0ae8,0x00000000a8d00000)
 Metaspace       used 68916K, capacity 71488K, committed 71640K, reserved 1112064K
  class space    used 9298K, capacity 9857K, committed 9984K, reserved 1048576K
}
Event: 16.611 GC heap before
{Heap before GC invocations=20 (full 3):
 PSYoungGen      total 401920K, used 382048K [0x00000000e0000000, 0x00000000fb000000, 0x0000000100000000)
  eden space 376832K, 100% used [0x00000000e0000000,0x00000000f7000000,0x00000000f7000000)
  from space 25088K, 20% used [0x00000000f9780000,0x00000000f9c98010,0x00000000fb000000)
  to   space 32768K, 0% used [0x00000000f7000000,0x00000000f7000000,0x00000000f9000000)
 ParOldGen       total 144384K, used 83586K [0x00000000a0000000, 0x00000000a8d00000, 0x00000000e0000000)
  object space 144384K, 57% used [0x00000000a0000000,0x00000000a51a0ae8,0x00000000a8d00000)
 Metaspace       used 68940K, capacity 71488K, committed 71640K, reserved 1112064K
  class space    used 9298K, capacity 9857K, committed 9984K, reserved 1048576K
Event: 16.627 GC heap after
Heap after GC invocations=20 (full 3):
 PSYoungGen      total 409600K, used 10880K [0x00000000e0000000, 0x00000000ff100000, 0x0000000100000000)
  eden space 376832K, 0% used [0x00000000e0000000,0x00000000e0000000,0x00000000f7000000)
  from space 32768K, 33% used [0x00000000f7000000,0x00000000f7aa0010,0x00000000f9000000)
  to   space 31232K, 0% used [0x00000000fd280000,0x00000000fd280000,0x00000000ff100000)
 ParOldGen       total 144384K, used 86602K [0x00000000a0000000, 0x00000000a8d00000, 0x00000000e0000000)
  object space 144384K, 59% used [0x00000000a0000000,0x00000000a5492af8,0x00000000a8d00000)
 Metaspace       used 68940K, capacity 71488K, committed 71640K, reserved 1112064K
  class space    used 9298K, capacity 9857K, committed 9984K, reserved 1048576K
}

