# JRE version: OpenJDK Runtime Environment (8.0_212-b04) (build 1.8.0_212-release-1586-b04)
# Java VM: OpenJDK 64-Bit Server VM (25.212-b04 mixed mode windows-amd64 compressed oops)
Heap:
 PSYoungGen      total 413184K, used 312592K [0x00000000e0000000, 0x00000000fb180000, 0x0000000100000000)
  eden space 390656K, 78% used [0x00000000e0000000,0x00000000f2c901a8,0x00000000f7d80000)
  from space 22528K, 21% used [0x00000000f9b80000,0x00000000fa034020,0x00000000fb180000)
  to   space 26624K, 0% used [0x00000000f7d80000,0x00000000f7d80000,0x00000000f9780000)
 ParOldGen       total 140288K, used 105618K [0x00000000a0000000, 0x00000000a8900000, 0x00000000e0000000)
  object space 140288K, 75% used [0x00000000a0000000,0x00000000a6724b70,0x00000000a8900000)
 Metaspace       used 71835K, capacity 75074K, committed 75224K, reserved 1114112K
  class space    used 9715K, capacity 10370K, committed 10496K, reserved 1048576K
GC Heap History (10 events):
Event: 12.814 GC heap before
{Heap before GC invocations=19 (full 3):
 PSYoungGen      total 205824K, used 196382K [0x00000000e0000000, 0x00000000f2500000, 0x0000000100000000)
  eden space 178688K, 100% used [0x00000000e0000000,0x00000000eae80000,0x00000000eae80000)
  from space 27136K, 65% used [0x00000000eae80000,0x00000000ebfc79c8,0x00000000ec900000)
  to   space 27648K, 0% used [0x00000000f0a00000,0x00000000f0a00000,0x00000000f2500000)
 ParOldGen       total 140288K, used 69320K [0x00000000a0000000, 0x00000000a8900000, 0x00000000e0000000)
  object space 140288K, 49% used [0x00000000a0000000,0x00000000a43b2248,0x00000000a8900000)
 Metaspace       used 69441K, capacity 72478K, committed 72536K, reserved 1112064K
  class space    used 9457K, capacity 10064K, committed 10112K, reserved 1048576K
Event: 12.832 GC heap after
Heap after GC invocations=19 (full 3):
 PSYoungGen      total 265216K, used 4273K [0x00000000e0000000, 0x00000000f2180000, 0x0000000100000000)
  eden space 241152K, 0% used [0x00000000e0000000,0x00000000e0000000,0x00000000eeb80000)
  from space 24064K, 17% used [0x00000000f0a00000,0x00000000f0e2c718,0x00000000f2180000)
  to   space 27648K, 0% used [0x00000000eeb80000,0x00000000eeb80000,0x00000000f0680000)
 ParOldGen       total 140288K, used 86034K [0x00000000a0000000, 0x00000000a8900000, 0x00000000e0000000)
  object space 140288K, 61% used [0x00000000a0000000,0x00000000a54049d0,0x00000000a8900000)
 Metaspace       used 69441K, capacity 72478K, committed 72536K, reserved 1112064K
  class space    used 9457K, capacity 10064K, committed 10112K, reserved 1048576K
}
Event: 13.664 GC heap before
{Heap before GC invocations=20 (full 3):
 PSYoungGen      total 265216K, used 245425K [0x00000000e0000000, 0x00000000f2180000, 0x0000000100000000)
  eden space 241152K, 100% used [0x00000000e0000000,0x00000000eeb80000,0x00000000eeb80000)
  from space 24064K, 17% used [0x00000000f0a00000,0x00000000f0e2c718,0x00000000f2180000)
  to   space 27648K, 0% used [0x00000000eeb80000,0x00000000eeb80000,0x00000000f0680000)
 ParOldGen       total 140288K, used 86038K [0x00000000a0000000, 0x00000000a8900000, 0x00000000e0000000)
  object space 140288K, 61% used [0x00000000a0000000,0x00000000a5405bb0,0x00000000a8900000)
 Metaspace       used 69785K, capacity 72946K, committed 73048K, reserved 1112064K
  class space    used 9475K, capacity 10100K, committed 10112K, reserved 1048576K
Event: 13.688 GC heap after
Heap after GC invocations=20 (full 3):
 PSYoungGen      total 268800K, used 7364K [0x00000000e0000000, 0x00000000f5400000, 0x0000000100000000)
  eden space 241152K, 0% used [0x00000000e0000000,0x00000000e0000000,0x00000000eeb80000)
  from space 27648K, 26% used [0x00000000eeb80000,0x00000000ef2b1118,0x00000000f0680000)
  to   space 26624K, 0% used [0x00000000f3a00000,0x00000000f3a00000,0x00000000f5400000)
 ParOldGen       total 140288K, used 88062K [0x00000000a0000000, 0x00000000a8900000, 0x00000000e0000000)
  object space 140288K, 62% used [0x00000000a0000000,0x00000000a55ffbd0,0x00000000a8900000)
 Metaspace       used 69785K, capacity 72946K, committed 73048K, reserved 1112064K
  class space    used 9475K, capacity 10100K, committed 10112K, reserved 1048576K
}
Event: 13.696 GC heap before
{Heap before GC invocations=21 (full 3):
 PSYoungGen      total 268800K, used 11833K [0x00000000e0000000, 0x00000000f5400000, 0x0000000100000000)
  eden space 241152K, 1% used [0x00000000e0000000,0x00000000e045d610,0x00000000eeb80000)
  from space 27648K, 26% used [0x00000000eeb80000,0x00000000ef2b1118,0x00000000f0680000)
  to   space 26624K, 0% used [0x00000000f3a00000,0x00000000f3a00000,0x00000000f5400000)
 ParOldGen       total 140288K, used 88062K [0x00000000a0000000, 0x00000000a8900000, 0x00000000e0000000)
  object space 140288K, 62% used [0x00000000a0000000,0x00000000a55ffbd0,0x00000000a8900000)
 Metaspace       used 69787K, capacity 72946K, committed 73048K, reserved 1112064K
  class space    used 9475K, capacity 10100K, committed 10112K, reserved 1048576K
Event: 13.716 GC heap after
Heap after GC invocations=21 (full 3):
 PSYoungGen      total 321024K, used 224K [0x00000000e0000000, 0x00000000f7300000, 0x0000000100000000)
  eden space 294400K, 0% used [0x00000000e0000000,0x00000000e0000000,0x00000000f1f80000)
  from space 26624K, 0% used [0x00000000f3a00000,0x00000000f3a38000,0x00000000f5400000)
  to   space 27136K, 0% used [0x00000000f1f80000,0x00000000f1f80000,0x00000000f3a00000)
 ParOldGen       total 140288K, used 94867K [0x00000000a0000000, 0x00000000a8900000, 0x00000000e0000000)
  object space 140288K, 67% used [0x00000000a0000000,0x00000000a5ca4e20,0x00000000a8900000)
 Metaspace       used 69787K, capacity 72946K, committed 73048K, reserved 1112064K
  class space    used 9475K, capacity 10100K, committed 10112K, reserved 1048576K
}
Event: 14.630 GC heap before
{Heap before GC invocations=22 (full 3):
 PSYoungGen      total 321024K, used 294624K [0x00000000e0000000, 0x00000000f7300000, 0x0000000100000000)
  eden space 294400K, 100% used [0x00000000e0000000,0x00000000f1f80000,0x00000000f1f80000)
  from space 26624K, 0% used [0x00000000f3a00000,0x00000000f3a38000,0x00000000f5400000)
  to   space 27136K, 0% used [0x00000000f1f80000,0x00000000f1f80000,0x00000000f3a00000)
 ParOldGen       total 140288K, used 94867K [0x00000000a0000000, 0x00000000a8900000, 0x00000000e0000000)
  object space 140288K, 67% used [0x00000000a0000000,0x00000000a5ca4e20,0x00000000a8900000)
 Metaspace       used 70661K, capacity 73842K, committed 73944K, reserved 1114112K
  class space    used 9585K, capacity 10204K, committed 10240K, reserved 1048576K
Event: 14.693 GC heap after
Heap after GC invocations=22 (full 3):
 PSYoungGen      total 321536K, used 15264K [0x00000000e0000000, 0x00000000fb600000, 0x0000000100000000)
  eden space 294400K, 0% used [0x00000000e0000000,0x00000000e0000000,0x00000000f1f80000)
  from space 27136K, 56% used [0x00000000f1f80000,0x00000000f2e68108,0x00000000f3a00000)
  to   space 27136K, 0% used [0x00000000f9b80000,0x00000000f9b80000,0x00000000fb600000)
 ParOldGen       total 140288K, used 94963K [0x00000000a0000000, 0x00000000a8900000, 0x00000000e0000000)
  object space 140288K, 67% used [0x00000000a0000000,0x00000000a5cbce20,0x00000000a8900000)
 Metaspace       used 70661K, capacity 73842K, committed 73944K, reserved 1114112K
  class space    used 9585K, capacity 10204K, committed 10240K, reserved 1048576K
}
Event: 15.290 GC heap before
{Heap before GC invocations=23 (full 3):
 PSYoungGen      total 321536K, used 309664K [0x00000000e0000000, 0x00000000fb600000, 0x0000000100000000)
  eden space 294400K, 100% used [0x00000000e0000000,0x00000000f1f80000,0x00000000f1f80000)
  from space 27136K, 56% used [0x00000000f1f80000,0x00000000f2e68108,0x00000000f3a00000)
  to   space 27136K, 0% used [0x00000000f9b80000,0x00000000f9b80000,0x00000000fb600000)
 ParOldGen       total 140288K, used 94963K [0x00000000a0000000, 0x00000000a8900000, 0x00000000e0000000)
  object space 140288K, 67% used [0x00000000a0000000,0x00000000a5cbce20,0x00000000a8900000)
 Metaspace       used 70879K, capacity 74058K, committed 74200K, reserved 1114112K
  class space    used 9591K, capacity 10206K, committed 10240K, reserved 1048576K
Event: 15.310 GC heap after
Heap after GC invocations=23 (full 3):
 PSYoungGen      total 413184K, used 4816K [0x00000000e0000000, 0x00000000fb180000, 0x0000000100000000)
  eden space 390656K, 0% used [0x00000000e0000000,0x00000000e0000000,0x00000000f7d80000)
  from space 22528K, 21% used [0x00000000f9b80000,0x00000000fa034020,0x00000000fb180000)
  to   space 26624K, 0% used [0x00000000f7d80000,0x00000000f7d80000,0x00000000f9780000)
 ParOldGen       total 140288K, used 105618K [0x00000000a0000000, 0x00000000a8900000, 0x00000000e0000000)
  object space 140288K, 75% used [0x00000000a0000000,0x00000000a6724b70,0x00000000a8900000)
 Metaspace       used 70879K, capacity 74058K, committed 74200K, reserved 1114112K
  class space    used 9591K, capacity 10206K, committed 10240K, reserved 1048576K
}

