# JRE version: OpenJDK Runtime Environment (8.0_212-b04) (build 1.8.0_212-release-1586-b04)
# Java VM: OpenJDK 64-Bit Server VM (25.212-b04 mixed mode windows-amd64 compressed oops)
Heap:
 PSYoungGen      total 487936K, used 338824K [0x00000000e0000000, 0x0000000100000000, 0x0000000100000000)
  eden space 452096K, 69% used [0x00000000e0000000,0x00000000f34a7818,0x00000000fb980000)
  from space 35840K, 63% used [0x00000000fb980000,0x00000000fcfbabe0,0x00000000fdc80000)
  to   space 36352K, 0% used [0x00000000fdc80000,0x00000000fdc80000,0x0000000100000000)
 ParOldGen       total 227328K, used 130074K [0x00000000a0000000, 0x00000000ade00000, 0x00000000e0000000)
  object space 227328K, 57% used [0x00000000a0000000,0x00000000a7f06818,0x00000000ade00000)
 Metaspace       used 106770K, capacity 110706K, committed 111104K, reserved 1146880K
  class space    used 13369K, capacity 14180K, committed 14336K, reserved 1048576K
GC Heap History (10 events):
Event: 1716.839 GC heap before
{Heap before GC invocations=25 (full 4):
 PSYoungGen      total 484352K, used 462418K [0x00000000e0000000, 0x00000000ffc80000, 0x0000000100000000)
  eden space 446976K, 100% used [0x00000000e0000000,0x00000000fb480000,0x00000000fb480000)
  from space 37376K, 41% used [0x00000000fd800000,0x00000000fe714b10,0x00000000ffc80000)
  to   space 36352K, 0% used [0x00000000fb480000,0x00000000fb480000,0x00000000fd800000)
 ParOldGen       total 227328K, used 93417K [0x00000000a0000000, 0x00000000ade00000, 0x00000000e0000000)
  object space 227328K, 41% used [0x00000000a0000000,0x00000000a5b3a478,0x00000000ade00000)
 Metaspace       used 87968K, capacity 90540K, committed 92416K, reserved 1130496K
  class space    used 11086K, capacity 11703K, committed 12032K, reserved 1048576K
Event: 1716.856 GC heap after
Heap after GC invocations=25 (full 4):
 PSYoungGen      total 483328K, used 13977K [0x00000000e0000000, 0x00000000ffd00000, 0x0000000100000000)
  eden space 446976K, 0% used [0x00000000e0000000,0x00000000e0000000,0x00000000fb480000)
  from space 36352K, 38% used [0x00000000fb480000,0x00000000fc226688,0x00000000fd800000)
  to   space 35328K, 0% used [0x00000000fda80000,0x00000000fda80000,0x00000000ffd00000)
 ParOldGen       total 227328K, used 103034K [0x00000000a0000000, 0x00000000ade00000, 0x00000000e0000000)
  object space 227328K, 45% used [0x00000000a0000000,0x00000000a649ea98,0x00000000ade00000)
 Metaspace       used 87968K, capacity 90540K, committed 92416K, reserved 1130496K
  class space    used 11086K, capacity 11703K, committed 12032K, reserved 1048576K
}
Event: 1720.207 GC heap before
{Heap before GC invocations=26 (full 4):
 PSYoungGen      total 483328K, used 460953K [0x00000000e0000000, 0x00000000ffd00000, 0x0000000100000000)
  eden space 446976K, 100% used [0x00000000e0000000,0x00000000fb480000,0x00000000fb480000)
  from space 36352K, 38% used [0x00000000fb480000,0x00000000fc226688,0x00000000fd800000)
  to   space 35328K, 0% used [0x00000000fda80000,0x00000000fda80000,0x00000000ffd00000)
 ParOldGen       total 227328K, used 103034K [0x00000000a0000000, 0x00000000ade00000, 0x00000000e0000000)
  object space 227328K, 45% used [0x00000000a0000000,0x00000000a649ea98,0x00000000ade00000)
 Metaspace       used 105039K, capacity 108806K, committed 109184K, reserved 1144832K
  class space    used 13289K, capacity 14042K, committed 14208K, reserved 1048576K
Event: 1720.241 GC heap after
Heap after GC invocations=26 (full 4):
 PSYoungGen      total 484864K, used 25872K [0x00000000e0000000, 0x0000000100000000, 0x0000000100000000)
  eden space 449536K, 0% used [0x00000000e0000000,0x00000000e0000000,0x00000000fb700000)
  from space 35328K, 73% used [0x00000000fda80000,0x00000000ff3c4170,0x00000000ffd00000)
  to   space 36352K, 0% used [0x00000000fb700000,0x00000000fb700000,0x00000000fda80000)
 ParOldGen       total 227328K, used 106266K [0x00000000a0000000, 0x00000000ade00000, 0x00000000e0000000)
  object space 227328K, 46% used [0x00000000a0000000,0x00000000a67c6bf0,0x00000000ade00000)
 Metaspace       used 105039K, capacity 108806K, committed 109184K, reserved 1144832K
  class space    used 13289K, capacity 14042K, committed 14208K, reserved 1048576K
}
Event: 1721.175 GC heap before
{Heap before GC invocations=27 (full 4):
 PSYoungGen      total 484864K, used 475408K [0x00000000e0000000, 0x0000000100000000, 0x0000000100000000)
  eden space 449536K, 100% used [0x00000000e0000000,0x00000000fb700000,0x00000000fb700000)
  from space 35328K, 73% used [0x00000000fda80000,0x00000000ff3c4170,0x00000000ffd00000)
  to   space 36352K, 0% used [0x00000000fb700000,0x00000000fb700000,0x00000000fda80000)
 ParOldGen       total 227328K, used 107028K [0x00000000a0000000, 0x00000000ade00000, 0x00000000e0000000)
  object space 227328K, 47% used [0x00000000a0000000,0x00000000a6885398,0x00000000ade00000)
 Metaspace       used 105526K, capacity 109374K, committed 109696K, reserved 1144832K
  class space    used 13323K, capacity 14092K, committed 14208K, reserved 1048576K
Event: 1721.189 GC heap after
Heap after GC invocations=27 (full 4):
 PSYoungGen      total 485888K, used 11685K [0x00000000e0000000, 0x0000000100000000, 0x0000000100000000)
  eden space 449536K, 0% used [0x00000000e0000000,0x00000000e0000000,0x00000000fb700000)
  from space 36352K, 32% used [0x00000000fb700000,0x00000000fc269638,0x00000000fda80000)
  to   space 35840K, 0% used [0x00000000fdd00000,0x00000000fdd00000,0x0000000100000000)
 ParOldGen       total 227328K, used 116268K [0x00000000a0000000, 0x00000000ade00000, 0x00000000e0000000)
  object space 227328K, 51% used [0x00000000a0000000,0x00000000a718b1e8,0x00000000ade00000)
 Metaspace       used 105526K, capacity 109374K, committed 109696K, reserved 1144832K
  class space    used 13323K, capacity 14092K, committed 14208K, reserved 1048576K
}
Event: 1721.794 GC heap before
{Heap before GC invocations=28 (full 4):
 PSYoungGen      total 485888K, used 461221K [0x00000000e0000000, 0x0000000100000000, 0x0000000100000000)
  eden space 449536K, 100% used [0x00000000e0000000,0x00000000fb700000,0x00000000fb700000)
  from space 36352K, 32% used [0x00000000fb700000,0x00000000fc269638,0x00000000fda80000)
  to   space 35840K, 0% used [0x00000000fdd00000,0x00000000fdd00000,0x0000000100000000)
 ParOldGen       total 227328K, used 116270K [0x00000000a0000000, 0x00000000ade00000, 0x00000000e0000000)
  object space 227328K, 51% used [0x00000000a0000000,0x00000000a718bbb0,0x00000000ade00000)
 Metaspace       used 106235K, capacity 110166K, committed 110464K, reserved 1144832K
  class space    used 13336K, capacity 14094K, committed 14208K, reserved 1048576K
Event: 1721.809 GC heap after
Heap after GC invocations=28 (full 4):
 PSYoungGen      total 487424K, used 7678K [0x00000000e0000000, 0x00000000fff80000, 0x0000000100000000)
  eden space 452096K, 0% used [0x00000000e0000000,0x00000000e0000000,0x00000000fb980000)
  from space 35328K, 21% used [0x00000000fdd00000,0x00000000fe47fbd0,0x00000000fff80000)
  to   space 35840K, 0% used [0x00000000fb980000,0x00000000fb980000,0x00000000fdc80000)
 ParOldGen       total 227328K, used 124842K [0x00000000a0000000, 0x00000000ade00000, 0x00000000e0000000)
  object space 227328K, 54% used [0x00000000a0000000,0x00000000a79ea8c8,0x00000000ade00000)
 Metaspace       used 106235K, capacity 110166K, committed 110464K, reserved 1144832K
  class space    used 13336K, capacity 14094K, committed 14208K, reserved 1048576K
}
Event: 1722.451 GC heap before
{Heap before GC invocations=29 (full 4):
 PSYoungGen      total 487424K, used 459774K [0x00000000e0000000, 0x00000000fff80000, 0x0000000100000000)
  eden space 452096K, 100% used [0x00000000e0000000,0x00000000fb980000,0x00000000fb980000)
  from space 35328K, 21% used [0x00000000fdd00000,0x00000000fe47fbd0,0x00000000fff80000)
  to   space 35840K, 0% used [0x00000000fb980000,0x00000000fb980000,0x00000000fdc80000)
 ParOldGen       total 227328K, used 127812K [0x00000000a0000000, 0x00000000ade00000, 0x00000000e0000000)
  object space 227328K, 56% used [0x00000000a0000000,0x00000000a7cd1038,0x00000000ade00000)
 Metaspace       used 106641K, capacity 110598K, committed 110848K, reserved 1146880K
  class space    used 13362K, capacity 14174K, committed 14336K, reserved 1048576K
Event: 1722.535 GC heap after
Heap after GC invocations=29 (full 4):
 PSYoungGen      total 487936K, used 22762K [0x00000000e0000000, 0x0000000100000000, 0x0000000100000000)
  eden space 452096K, 0% used [0x00000000e0000000,0x00000000e0000000,0x00000000fb980000)
  from space 35840K, 63% used [0x00000000fb980000,0x00000000fcfbabe0,0x00000000fdc80000)
  to   space 36352K, 0% used [0x00000000fdc80000,0x00000000fdc80000,0x0000000100000000)
 ParOldGen       total 227328K, used 130074K [0x00000000a0000000, 0x00000000ade00000, 0x00000000e0000000)
  object space 227328K, 57% used [0x00000000a0000000,0x00000000a7f06818,0x00000000ade00000)
 Metaspace       used 106641K, capacity 110598K, committed 110848K, reserved 1146880K
  class space    used 13362K, capacity 14174K, committed 14336K, reserved 1048576K
}

