# JRE version: OpenJDK Runtime Environment (8.0_212-b04) (build 1.8.0_212-release-1586-b04)
# Java VM: OpenJDK 64-Bit Server VM (25.212-b04 mixed mode windows-amd64 compressed oops)
Heap:
 PSYoungGen      total 428544K, used 20584K [0x00000000e0000000, 0x0000000100000000, 0x0000000100000000)
  eden space 377856K, 3% used [0x00000000e0000000,0x00000000e0d42078,0x00000000f7100000)
  from space 50688K, 13% used [0x00000000f7100000,0x00000000f77d8000,0x00000000fa280000)
  to   space 49152K, 0% used [0x00000000fd000000,0x00000000fd000000,0x0000000100000000)
 ParOldGen       total 145920K, used 88709K [0x00000000a0000000, 0x00000000a8e80000, 0x00000000e0000000)
  object space 145920K, 60% used [0x00000000a0000000,0x00000000a56a17e8,0x00000000a8e80000)
 Metaspace       used 84089K, capacity 86970K, committed 87256K, reserved 1124352K
  class space    used 11038K, capacity 11640K, committed 11776K, reserved 1048576K
GC Heap History (10 events):
Event: 20.584 GC heap before
{Heap before GC invocations=17 (full 3):
 PSYoungGen      total 263168K, used 253041K [0x00000000e0000000, 0x00000000f6c00000, 0x0000000100000000)
  eden space 220672K, 100% used [0x00000000e0000000,0x00000000ed780000,0x00000000ed780000)
  from space 42496K, 76% used [0x00000000ed780000,0x00000000ef71c738,0x00000000f0100000)
  to   space 46080K, 0% used [0x00000000f3f00000,0x00000000f3f00000,0x00000000f6c00000)
 ParOldGen       total 145920K, used 101756K [0x00000000a0000000, 0x00000000a8e80000, 0x00000000e0000000)
  object space 145920K, 69% used [0x00000000a0000000,0x00000000a635f198,0x00000000a8e80000)
 Metaspace       used 83403K, capacity 86264K, committed 86360K, reserved 1124352K
  class space    used 10997K, capacity 11591K, committed 11648K, reserved 1048576K
Event: 20.718 GC heap after
Heap after GC invocations=17 (full 3):
 PSYoungGen      total 321024K, used 41485K [0x00000000e0000000, 0x00000000f9480000, 0x0000000100000000)
  eden space 274944K, 0% used [0x00000000e0000000,0x00000000e0000000,0x00000000f0c80000)
  from space 46080K, 90% used [0x00000000f3f00000,0x00000000f67835a0,0x00000000f6c00000)
  to   space 51712K, 0% used [0x00000000f0c80000,0x00000000f0c80000,0x00000000f3f00000)
 ParOldGen       total 145920K, used 101764K [0x00000000a0000000, 0x00000000a8e80000, 0x00000000e0000000)
  object space 145920K, 69% used [0x00000000a0000000,0x00000000a6361198,0x00000000a8e80000)
 Metaspace       used 83403K, capacity 86264K, committed 86360K, reserved 1124352K
  class space    used 10997K, capacity 11591K, committed 11648K, reserved 1048576K
}
Event: 21.715 GC heap before
{Heap before GC invocations=18 (full 3):
 PSYoungGen      total 321024K, used 316429K [0x00000000e0000000, 0x00000000f9480000, 0x0000000100000000)
  eden space 274944K, 100% used [0x00000000e0000000,0x00000000f0c80000,0x00000000f0c80000)
  from space 46080K, 90% used [0x00000000f3f00000,0x00000000f67835a0,0x00000000f6c00000)
  to   space 51712K, 0% used [0x00000000f0c80000,0x00000000f0c80000,0x00000000f3f00000)
 ParOldGen       total 145920K, used 101766K [0x00000000a0000000, 0x00000000a8e80000, 0x00000000e0000000)
  object space 145920K, 69% used [0x00000000a0000000,0x00000000a6361850,0x00000000a8e80000)
 Metaspace       used 83893K, capacity 86804K, committed 86872K, reserved 1124352K
  class space    used 11050K, capacity 11645K, committed 11648K, reserved 1048576K
Event: 21.747 GC heap after
Heap after GC invocations=18 (full 3):
 PSYoungGen      total 326656K, used 3285K [0x00000000e0000000, 0x00000000fda00000, 0x0000000100000000)
  eden space 274944K, 0% used [0x00000000e0000000,0x00000000e0000000,0x00000000f0c80000)
  from space 51712K, 6% used [0x00000000f0c80000,0x00000000f0fb56f8,0x00000000f3f00000)
  to   space 51712K, 0% used [0x00000000fa780000,0x00000000fa780000,0x00000000fda00000)
 ParOldGen       total 145920K, used 132390K [0x00000000a0000000, 0x00000000a8e80000, 0x00000000e0000000)
  object space 145920K, 90% used [0x00000000a0000000,0x00000000a81499b8,0x00000000a8e80000)
 Metaspace       used 83893K, capacity 86804K, committed 86872K, reserved 1124352K
  class space    used 11050K, capacity 11645K, committed 11648K, reserved 1048576K
}
Event: 21.747 GC heap before
{Heap before GC invocations=19 (full 4):
 PSYoungGen      total 326656K, used 3285K [0x00000000e0000000, 0x00000000fda00000, 0x0000000100000000)
  eden space 274944K, 0% used [0x00000000e0000000,0x00000000e0000000,0x00000000f0c80000)
  from space 51712K, 6% used [0x00000000f0c80000,0x00000000f0fb56f8,0x00000000f3f00000)
  to   space 51712K, 0% used [0x00000000fa780000,0x00000000fa780000,0x00000000fda00000)
 ParOldGen       total 145920K, used 132390K [0x00000000a0000000, 0x00000000a8e80000, 0x00000000e0000000)
  object space 145920K, 90% used [0x00000000a0000000,0x00000000a81499b8,0x00000000a8e80000)
 Metaspace       used 83893K, capacity 86804K, committed 86872K, reserved 1124352K
  class space    used 11050K, capacity 11645K, committed 11648K, reserved 1048576K
Event: 22.126 GC heap after
Heap after GC invocations=19 (full 4):
 PSYoungGen      total 326656K, used 0K [0x00000000e0000000, 0x00000000fda00000, 0x0000000100000000)
  eden space 274944K, 0% used [0x00000000e0000000,0x00000000e0000000,0x00000000f0c80000)
  from space 51712K, 0% used [0x00000000f0c80000,0x00000000f0c80000,0x00000000f3f00000)
  to   space 51712K, 0% used [0x00000000fa780000,0x00000000fa780000,0x00000000fda00000)
 ParOldGen       total 145920K, used 84385K [0x00000000a0000000, 0x00000000a8e80000, 0x00000000e0000000)
  object space 145920K, 57% used [0x00000000a0000000,0x00000000a5268418,0x00000000a8e80000)
 Metaspace       used 83817K, capacity 86612K, committed 86872K, reserved 1124352K
  class space    used 11023K, capacity 11599K, committed 11648K, reserved 1048576K
}
Event: 23.074 GC heap before
{Heap before GC invocations=20 (full 4):
 PSYoungGen      total 326656K, used 274944K [0x00000000e0000000, 0x00000000fda00000, 0x0000000100000000)
  eden space 274944K, 100% used [0x00000000e0000000,0x00000000f0c80000,0x00000000f0c80000)
  from space 51712K, 0% used [0x00000000f0c80000,0x00000000f0c80000,0x00000000f3f00000)
  to   space 51712K, 0% used [0x00000000fa780000,0x00000000fa780000,0x00000000fda00000)
 ParOldGen       total 145920K, used 84385K [0x00000000a0000000, 0x00000000a8e80000, 0x00000000e0000000)
  object space 145920K, 57% used [0x00000000a0000000,0x00000000a5268418,0x00000000a8e80000)
 Metaspace       used 83866K, capacity 86722K, committed 87000K, reserved 1124352K
  class space    used 11035K, capacity 11634K, committed 11776K, reserved 1048576K
Event: 23.124 GC heap after
Heap after GC invocations=20 (full 4):
 PSYoungGen      total 423424K, used 5856K [0x00000000e0000000, 0x00000000fd400000, 0x0000000100000000)
  eden space 377856K, 0% used [0x00000000e0000000,0x00000000e0000000,0x00000000f7100000)
  from space 45568K, 12% used [0x00000000fa780000,0x00000000fad38000,0x00000000fd400000)
  to   space 50688K, 0% used [0x00000000f7100000,0x00000000f7100000,0x00000000fa280000)
 ParOldGen       total 145920K, used 84385K [0x00000000a0000000, 0x00000000a8e80000, 0x00000000e0000000)
  object space 145920K, 57% used [0x00000000a0000000,0x00000000a5268418,0x00000000a8e80000)
 Metaspace       used 83866K, capacity 86722K, committed 87000K, reserved 1124352K
  class space    used 11035K, capacity 11634K, committed 11776K, reserved 1048576K
}
Event: 24.105 GC heap before
{Heap before GC invocations=21 (full 4):
 PSYoungGen      total 423424K, used 383712K [0x00000000e0000000, 0x00000000fd400000, 0x0000000100000000)
  eden space 377856K, 100% used [0x00000000e0000000,0x00000000f7100000,0x00000000f7100000)
  from space 45568K, 12% used [0x00000000fa780000,0x00000000fad38000,0x00000000fd400000)
  to   space 50688K, 0% used [0x00000000f7100000,0x00000000f7100000,0x00000000fa280000)
 ParOldGen       total 145920K, used 84385K [0x00000000a0000000, 0x00000000a8e80000, 0x00000000e0000000)
  object space 145920K, 57% used [0x00000000a0000000,0x00000000a5268418,0x00000000a8e80000)
 Metaspace       used 84088K, capacity 86970K, committed 87256K, reserved 1124352K
  class space    used 11038K, capacity 11640K, committed 11776K, reserved 1048576K
Event: 24.158 GC heap after
Heap after GC invocations=21 (full 4):
 PSYoungGen      total 428544K, used 7008K [0x00000000e0000000, 0x0000000100000000, 0x0000000100000000)
  eden space 377856K, 0% used [0x00000000e0000000,0x00000000e0000000,0x00000000f7100000)
  from space 50688K, 13% used [0x00000000f7100000,0x00000000f77d8000,0x00000000fa280000)
  to   space 49152K, 0% used [0x00000000fd000000,0x00000000fd000000,0x0000000100000000)
 ParOldGen       total 145920K, used 88709K [0x00000000a0000000, 0x00000000a8e80000, 0x00000000e0000000)
  object space 145920K, 60% used [0x00000000a0000000,0x00000000a56a17e8,0x00000000a8e80000)
 Metaspace       used 84088K, capacity 86970K, committed 87256K, reserved 1124352K
  class space    used 11038K, capacity 11640K, committed 11776K, reserved 1048576K
}

